<?xml version="1.0" encoding="UTF-8"?>
<!-- Generated by org.testng.reporters.JUnitReportReporter -->
<testsuite hostname="DESKTOP-38D239J" failures="0" tests="3" name="framework.DataSets.ExcelReader" time="0.007" errors="0" timestamp="2022-12-27T22:46:26 IST" skipped="0">
  <testcase classname="framework.DataSets.ExcelReader" name="readExcel2" time="0.004"/>
  <system-out/>
  <testcase classname="framework.DataSets.ExcelReader" name="readExcel2" time="0.001"/>
  <system-out/>
  <testcase classname="framework.DataSets.ExcelReader" name="readExcel2" time="0.002"/>
  <system-out/>
</testsuite> <!-- framework.DataSets.ExcelReader -->
